Diagnose log at 2025-11-26T05:07:34Z

AppPath: C:\Program Files\Git\mingw64\bin\git-credential-manager.exe
InstallDir: C:\Program Files\Git\mingw64\bin\
Version: 2.6.1+786ab03440ddc82e807a97c0e540f5247e44cec6

------------
Diagnostic: Environment
Skipped: False
Success: True
Exception: None
Log:
OSType: Windows
OSVersion: 10.0 (build 26100)
Reading environment variables... OK
 Variables:
HOMEPATH=\Users\ja240
DriverData=C:\Windows\System32\Drivers\DriverData
COMPUTERNAME=JUNIN
GIT_TRACE2_PARENT_SID=c768563a-2642-4c07-a787-e1398a64a1b0
CommonProgramFiles(x86)=C:\Program Files (x86)\Common Files
OneDrive=C:\Users\ja240\OneDrive
WT_PROFILE_ID={61c54bbd-c2c6-5271-96e7-009a87ff44bf}
TMP=C:\Users\ja240\AppData\Local\Temp
HOME=C:\Users\ja240
PROCESSOR_REVISION=6801
PATHEXT=.COM;.EXE;.BAT;.CMD;.VBS;.VBE;.JS;.JSE;.WSF;.WSH;.MSC;.CPL
GIT_EXEC_PATH=C:/Program Files/Git/mingw64/libexec/git-core
TEMP=C:\Users\ja240\AppData\Local\Temp
LOCALAPPDATA=C:\Users\ja240\AppData\Local
MSYSTEM=MINGW64
TERM=xterm-256color
COLORTERM=truecolor
JAVA_HOME=C:\Program Files\Java\jdk-24
USERDOMAIN=JUNIN
ProgramFiles(x86)=C:\Program Files (x86)
VXIPNPPATH=C:\Program Files (x86)\IVI Foundation\VISA\
Path=C:/Program Files/Git/mingw64/libexec/git-core;C:\Program Files\Git\mingw64\bin;C:\Program Files\Git\usr\bin;C:\Users\ja240\bin;C:\Program Files\Common Files\Oracle\Java\javapath;C:\Program Files (x86)\Common Files\Oracle\Java\java8path;C:\Program Files (x86)\Common Files\Oracle\Java\javapath;C:\WINDOWS\system32;C:\WINDOWS;C:\WINDOWS\System32\Wbem;C:\WINDOWS\System32\WindowsPowerShell\v1.0\;C:\WINDOWS\System32\OpenSSH\;C:\yt-dlp;C:\Program Files\Java\jdk-24\bin;C:\Program Files (x86)\IVI Foundation\VISA\WinNT\Bin;C:\Program Files\nodejs\;C:\Program Files\Git\cmd;C:\Program Files\Docker\Docker\resources\bin;C:\Users\ja240\AppData\Local\Programs\Python\Python313\Scripts\;C:\Users\ja240\AppData\Local\Programs\Python\Python313\;C:\Users\ja240\AppData\Local\Programs\Python\Launcher\;C:\Users\ja240\AppData\Local\Microsoft\WindowsApps;C:\Users\ja240\AppData\Local\Programs\Microsoft VS Code\bin;C:\Users\ja240\AppData\Roaming\npm;C:\Users\ja240\AppData\Local\Microsoft\WinGet\Packages\Gyan.FFmpeg_Microsoft.Winget.Source_8wekyb3d8bbwe\ffmpeg-8.0-full_build\bin;
PROCESSOR_LEVEL=23
PROCESSOR_IDENTIFIER=AMD64 Family 23 Model 104 Stepping 1, AuthenticAMD
TMPDIR=C:\Users\ja240\AppData\Local\Temp
PSModulePath=C:\Users\ja240\OneDrive\Documentos\WindowsPowerShell\Modules;C:\Program Files\WindowsPowerShell\Modules;C:\WINDOWS\system32\WindowsPowerShell\v1.0\Modules
PUBLIC=C:\Users\Public
NUMBER_OF_PROCESSORS=16
CommonProgramFiles=C:\Program Files (x86)\Common Files
WT_SESSION=c9923d7c-c854-4b3d-9169-4188e611d6f8
WSLENV=WT_SESSION:WT_PROFILE_ID:
PLINK_PROTOCOL=ssh
ProgramData=C:\ProgramData
ProgramW6432=C:\Program Files
ProgramFiles=C:\Program Files (x86)
SystemRoot=C:\WINDOWS
SESSIONNAME=Console
LC_CTYPE=C.UTF-8
CommonProgramW6432=C:\Program Files\Common Files
LOGONSERVER=\\JUNIN
USERPROFILE=C:\Users\ja240
USERDOMAIN_ROAMINGPROFILE=JUNIN
APPDATA=C:\Users\ja240\AppData\Roaming
HOMEDRIVE=C:
USERNAME=ja240
PROCESSOR_ARCHITEW6432=AMD64
PROCESSOR_ARCHITECTURE=x86
OS=Windows_NT
ComSpec=C:\WINDOWS\system32\cmd.exe
SystemDrive=C:
windir=C:\WINDOWS
OneDriveConsumer=C:\Users\ja240\OneDrive
ALLUSERSPROFILE=C:\ProgramData


------------
Diagnostic: File system
Skipped: False
Success: True
Exception: None
Log:
Temporary directory is 'C:\Users\ja240\AppData\Local\Temp\'...
Checking basic file I/O...
Writing to temporary file 'C:\Users\ja240\AppData\Local\Temp\1c1a4a3b8cb79dc1be1bf84b'... OK
Reading from temporary file 'C:\Users\ja240\AppData\Local\Temp\1c1a4a3b8cb79dc1be1bf84b'... OK
Deleting temporary file 'C:\Users\ja240\AppData\Local\Temp\1c1a4a3b8cb79dc1be1bf84b'... OK
Testing IFileSystem instance...
UserHomePath: C:\Users\ja240
UserDataDirectoryPath: C:\Users\ja240\.gcm
GetCurrentDirectory(): C:\Users\ja240\IdeaProjects\forca-projeto-p3

------------
Diagnostic: Networking
Skipped: False
Success: True
Exception: None
Log:
Checking networking and HTTP stack...
Creating HTTP client... OK
IsNetworkAvailable: True
Sending HEAD request to http://example.com...Sending HEAD request to https://example.com... OK
 OK
Acquiring free TCP port... OK
Testing local HTTP loopback connections...
Creating new HTTP listener for http://localhost:61003/... OK
Waiting for loopback connection... OK
Writing response... OK
Waiting for response data... OK
Loopback connection data OK

------------
Diagnostic: Git
Skipped: False
Success: True
Exception: None
Log:
Getting Git version... OK
Git version is '2.51.1.windows.1'
Locating current repository...Git repository at 'C:/Users/ja240/IdeaProjects/forca-projeto-p3/.git'
 OK
Listing all Git configuration... OK
Git configuration:
file:C:/Program Files/Git/etc/gitconfig	diff.astextplain.textconv=astextplain
file:C:/Program Files/Git/etc/gitconfig	filter.lfs.clean=git-lfs clean -- %f
file:C:/Program Files/Git/etc/gitconfig	filter.lfs.smudge=git-lfs smudge -- %f
file:C:/Program Files/Git/etc/gitconfig	filter.lfs.process=git-lfs filter-process
file:C:/Program Files/Git/etc/gitconfig	filter.lfs.required=true
file:C:/Program Files/Git/etc/gitconfig	http.sslbackend=schannel
file:C:/Program Files/Git/etc/gitconfig	core.autocrlf=true
file:C:/Program Files/Git/etc/gitconfig	core.fscache=true
file:C:/Program Files/Git/etc/gitconfig	core.symlinks=false
file:C:/Program Files/Git/etc/gitconfig	pull.rebase=false
file:C:/Program Files/Git/etc/gitconfig	credential.helper=manager
file:C:/Program Files/Git/etc/gitconfig	credential.https://dev.azure.com.usehttppath=true
file:C:/Program Files/Git/etc/gitconfig	init.defaultbranch=master
file:C:/Users/ja240/.gitconfig	use.email=juniorgt154@gmail.com
file:C:/Users/ja240/.gitconfig	user.email=joao473901@gmail.com
file:C:/Users/ja240/.gitconfig	user.name=João Batista
file:C:/Users/ja240/.gitconfig	core.editor="C:\Users\ja240\AppData\Local\Programs\Microsoft VS Code\bin\code" --wait
file:C:/Users/ja240/.gitconfig	credential.https://git.ecrescer.cwi.com.br.provider=generic
file:C:/Users/ja240/.gitconfig	http.sslverify=false
file:C:/Users/ja240/.gitconfig	credential.helper=store
file:.git/config	core.repositoryformatversion=0
file:.git/config	core.filemode=false
file:.git/config	core.bare=false
file:.git/config	core.logallrefupdates=true
file:.git/config	core.symlinks=false
file:.git/config	core.ignorecase=true
file:.git/config	remote.origin.url=https://github.com/joaobat1st4/forca-projeto-p3.git
file:.git/config	remote.origin.fetch=+refs/heads/*:refs/remotes/origin/*


------------
Diagnostic: Credential storage
Skipped: False
Success: True
Exception: None
Log:
ICredentialStore instance is of type: CredentialStore
Writing test credential... OK
Reading test credential... OK
Deleting test credential... OK

------------
Diagnostic: Microsoft authentication (AAD/MSA)
Skipped: False
Success: True
Exception: None
Log:
Broker is not enabled.
Flow type is: Auto
Gathering MSAL token cache data... OK
CacheDirectory: C:\Users\ja240\AppData\Local\.IdentityService
CacheFileName: msal.cache
CacheFilePath: C:\Users\ja240\AppData\Local\.IdentityService\msal.cache
Creating cache helper... OK
Verifying MSAL token cache persistence... OK

------------
Diagnostic: GitHub API
Skipped: False
Success: True
Exception: None
Log:
Using 'https://github.com/' as API target.
Querying '/meta' endpoint... OK

